This is pdfTeX, Version 3.1415926-1.40.10 (TeX Live 2009/Debian) (format=pdflatex 2018.1.4)  15 MAR 2018 15:34
entering extended mode
 %&-line parsing enabled.
**/home/ubuntu/rasp30/sci2blif/documentation/blocks_latex/block_doc.tex
(/home/ubuntu/rasp30/sci2blif/documentation/blocks_latex/block_doc.tex
LaTeX2e <2009/09/24>
Babel <v3.8l> and hyphenation patterns for english, usenglishmax, dumylang, noh
yphenation, loaded.
(/usr/share/texmf-texlive/tex/latex/base/article.cls
Document Class: article 2007/10/19 v1.4h Standard LaTeX document class
(/usr/share/texmf-texlive/tex/latex/base/size12.clo
File: size12.clo 2007/10/19 v1.4h Standard LaTeX file (size option)
)
\c@part=\count79
\c@section=\count80
\c@subsection=\count81
\c@subsubsection=\count82
\c@paragraph=\count83
\c@subparagraph=\count84
\c@figure=\count85
\c@table=\count86
\abovecaptionskip=\skip41
\belowcaptionskip=\skip42
\bibindent=\dimen102
)
(/usr/share/texmf-texlive/tex/latex/graphics/graphicx.sty
Package: graphicx 1999/02/16 v1.0f Enhanced LaTeX Graphics (DPC,SPQR)

(/usr/share/texmf-texlive/tex/latex/graphics/keyval.sty
Package: keyval 1999/03/16 v1.13 key=value parser (DPC)
\KV@toks@=\toks14
)
(/usr/share/texmf-texlive/tex/latex/graphics/graphics.sty
Package: graphics 2009/02/05 v1.0o Standard LaTeX Graphics (DPC,SPQR)

(/usr/share/texmf-texlive/tex/latex/graphics/trig.sty
Package: trig 1999/03/16 v1.09 sin cos tan (DPC)
)
(/etc/texmf/tex/latex/config/graphics.cfg
File: graphics.cfg 2009/08/28 v1.8 graphics configuration of TeX Live
)
Package graphics Info: Driver file: pdftex.def on input line 91.

(/usr/share/texmf-texlive/tex/latex/pdftex-def/pdftex.def
File: pdftex.def 2010/03/12 v0.04p Graphics/color for pdfTeX
\Gread@gobject=\count87
))
\Gin@req@height=\dimen103
\Gin@req@width=\dimen104
)
(/usr/share/texmf-texlive/tex/latex/float/float.sty
Package: float 2001/11/08 v1.3d Float enhancements (AL)
\c@float@type=\count88
\float@exts=\toks15
\float@box=\box26
\@float@everytoks=\toks16
\@floatcapt=\box27
) (./block_doc.aux)
\openout1 = `block_doc.aux'.

LaTeX Font Info:    Checking defaults for OML/cmm/m/it on input line 5.
LaTeX Font Info:    ... okay on input line 5.
LaTeX Font Info:    Checking defaults for T1/cmr/m/n on input line 5.
LaTeX Font Info:    ... okay on input line 5.
LaTeX Font Info:    Checking defaults for OT1/cmr/m/n on input line 5.
LaTeX Font Info:    ... okay on input line 5.
LaTeX Font Info:    Checking defaults for OMS/cmsy/m/n on input line 5.
LaTeX Font Info:    ... okay on input line 5.
LaTeX Font Info:    Checking defaults for OMX/cmex/m/n on input line 5.
LaTeX Font Info:    ... okay on input line 5.
LaTeX Font Info:    Checking defaults for U/cmr/m/n on input line 5.
LaTeX Font Info:    ... okay on input line 5.

(/usr/share/texmf-texlive/tex/context/base/supp-pdf.mkii
[Loading MPS to PDF converter (version 2006.09.02).]
\scratchcounter=\count89
\scratchdimen=\dimen105
\scratchbox=\box28
\nofMPsegments=\count90
\nofMParguments=\count91
\everyMPshowfont=\toks17
\MPscratchCnt=\count92
\MPscratchDim=\dimen106
\MPnumerator=\count93
\everyMPtoPDFconversion=\toks18
) (./block_list.tex
(/home/ubuntu/rasp30/sci2blif/documentation/blocks_latex/text/GENARB_f.tex
LaTeX Font Info:    External font `cmex10' loaded for size
(Font)              <12> on input line 12.
LaTeX Font Info:    External font `cmex10' loaded for size
(Font)              <8> on input line 12.
LaTeX Font Info:    External font `cmex10' loaded for size
(Font)              <6> on input line 12.


pdfTeX warning: pdflatex (file /home/ubuntu/rasp30/sci2blif/documentation/block
s_latex/figures/GENARB_f.pdf): PDF inclusion: found PDF version <1.5>, but at m
ost version <1.4> allowed

</home/ubuntu/rasp30/sci2blif/documentation/blocks_latex/figures/GENARB_f.pdf, 
id=1, 174.50093pt x 136.71777pt>
File: /home/ubuntu/rasp30/sci2blif/documentation/blocks_latex/figures/GENARB_f.
pdf Graphic file (type pdf)

<use /home/ubuntu/rasp30/sci2blif/documentation/blocks_latex/figures/GENARB_f.p
df>)
(/home/ubuntu/rasp30/sci2blif/documentation/blocks_latex/text/Hyst_diff.tex)
(/home/ubuntu/rasp30/sci2blif/documentation/blocks_latex/text/I_SenseAmp.tex
[1

{/var/lib/texmf/fonts/map/pdftex/updmap/pdftex.map} </home/ubuntu/rasp30/sci2bl
if/documentation/blocks_latex/figures/GENARB_f.pdf>]
Overfull \hbox (92.74272pt too wide) in paragraph at lines 9--10
[]\OT1/cmr/m/n/12 Parameter list: I[]SenseAmp[]ota0[]ibias, I[]SenseAmp[]fgota0
[]ibias, I[]SenseAmp[]fgota0[]pbias,
 []



pdfTeX warning: pdflatex (file /home/ubuntu/rasp30/sci2blif/documentation/block
s_latex/figures/I_SenseAmp.pdf): PDF inclusion: found PDF version <1.5>, but at
 most version <1.4> allowed

</home/ubuntu/rasp30/sci2blif/documentation/blocks_latex/figures/I_SenseAmp.pdf
, id=66, 90.54036pt x 83.99048pt>
File: /home/ubuntu/rasp30/sci2blif/documentation/blocks_latex/figures/I_SenseAm
p.pdf Graphic file (type pdf)

<use /home/ubuntu/rasp30/sci2blif/documentation/blocks_latex/figures/I_SenseAmp
.pdf>)
(/home/ubuntu/rasp30/sci2blif/documentation/blocks_latex/text/Ramp_ADC.tex
[2 </home/ubuntu/rasp30/sci2blif/documentation/blocks_latex/figures/I_SenseAmp.
pdf>]

pdfTeX warning: pdflatex (file /home/ubuntu/rasp30/sci2blif/documentation/block
s_latex/figures/Ramp_ADC.pdf): PDF inclusion: found PDF version <1.5>, but at m
ost version <1.4> allowed

</home/ubuntu/rasp30/sci2blif/documentation/blocks_latex/figures/Ramp_ADC.pdf, 
id=93, 466.14554pt x 234.00275pt>
File: /home/ubuntu/rasp30/sci2blif/documentation/blocks_latex/figures/Ramp_ADC.
pdf Graphic file (type pdf)

<use /home/ubuntu/rasp30/sci2blif/documentation/blocks_latex/figures/Ramp_ADC.p
df>)
(/home/ubuntu/rasp30/sci2blif/documentation/blocks_latex/text/SubbandArray.tex
[3 </home/ubuntu/rasp30/sci2blif/documentation/blocks_latex/figures/Ramp_ADC.pd
f>]

pdfTeX warning: pdflatex (file /home/ubuntu/rasp30/sci2blif/documentation/block
s_latex/figures/SubbandArray.pdf): PDF inclusion: found PDF version <1.5>, but 
at most version <1.4> allowed

</home/ubuntu/rasp30/sci2blif/documentation/blocks_latex/figures/SubbandArray.p
df, id=105, 544.92842pt x 450.68501pt>
File: /home/ubuntu/rasp30/sci2blif/documentation/blocks_latex/figures/SubbandAr
ray.pdf Graphic file (type pdf)

<use /home/ubuntu/rasp30/sci2blif/documentation/blocks_latex/figures/SubbandArr
ay.pdf>)
(/home/ubuntu/rasp30/sci2blif/documentation/blocks_latex/text/VolDivide1.tex
[4 </home/ubuntu/rasp30/sci2blif/documentation/blocks_latex/figures/SubbandArra
y.pdf>]

pdfTeX warning: pdflatex (file /home/ubuntu/rasp30/sci2blif/documentation/block
s_latex/figures/VolDivide1.pdf): PDF inclusion: found PDF version <1.5>, but at
 most version <1.4> allowed

</home/ubuntu/rasp30/sci2blif/documentation/blocks_latex/figures/VolDivide1.pdf
, id=124, 65.44661pt x 85.99799pt>
File: /home/ubuntu/rasp30/sci2blif/documentation/blocks_latex/figures/VolDivide
1.pdf Graphic file (type pdf)

<use /home/ubuntu/rasp30/sci2blif/documentation/blocks_latex/figures/VolDivide1
.pdf>) (/home/ubuntu/rasp30/sci2blif/documentation/blocks_latex/text/adc_ip.tex
[5 </home/ubuntu/rasp30/sci2blif/documentation/blocks_latex/figures/VolDivide1.
pdf>]

pdfTeX warning: pdflatex (file /home/ubuntu/rasp30/sci2blif/documentation/block
s_latex/figures/adc_ip.pdf): PDF inclusion: found PDF version <1.6>, but at mos
t version <1.4> allowed

</home/ubuntu/rasp30/sci2blif/documentation/blocks_latex/figures/adc_ip.pdf, id
=149, 277.035pt x 316.18124pt>
File: /home/ubuntu/rasp30/sci2blif/documentation/blocks_latex/figures/adc_ip.pd
f Graphic file (type pdf)

<use /home/ubuntu/rasp30/sci2blif/documentation/blocks_latex/figures/adc_ip.pdf
>)
(/home/ubuntu/rasp30/sci2blif/documentation/blocks_latex/text/common_drain.tex
[6 </home/ubuntu/rasp30/sci2blif/documentation/blocks_latex/figures/adc_ip.pdf>
]

pdfTeX warning: pdflatex (file /home/ubuntu/rasp30/sci2blif/documentation/block
s_latex/figures/common_drain.pdf): PDF inclusion: found PDF version <1.5>, but 
at most version <1.4> allowed

</home/ubuntu/rasp30/sci2blif/documentation/blocks_latex/figures/common_drain.p
df, id=156, 51.72093pt x 55.65845pt>
File: /home/ubuntu/rasp30/sci2blif/documentation/blocks_latex/figures/common_dr
ain.pdf Graphic file (type pdf)

<use /home/ubuntu/rasp30/sci2blif/documentation/blocks_latex/figures/common_dra
in.pdf>)
(/home/ubuntu/rasp30/sci2blif/documentation/blocks_latex/text/common_drain_nfet
.tex [7 </home/ubuntu/rasp30/sci2blif/documentation/blocks_latex/figures/common
_drain.pdf>]

pdfTeX warning: pdflatex (file /home/ubuntu/rasp30/sci2blif/documentation/block
s_latex/figures/common_drain_nfet.pdf): PDF inclusion: found PDF version <1.5>,
 but at most version <1.4> allowed

</home/ubuntu/rasp30/sci2blif/documentation/blocks_latex/figures/common_drain_n
fet.pdf, id=180, 94.6191pt x 55.65845pt>
File: /home/ubuntu/rasp30/sci2blif/documentation/blocks_latex/figures/common_dr
ain_nfet.pdf Graphic file (type pdf)

<use /home/ubuntu/rasp30/sci2blif/documentation/blocks_latex/figures/common_dra
in_nfet.pdf>)
(/home/ubuntu/rasp30/sci2blif/documentation/blocks_latex/text/common_source.tex
[8 </home/ubuntu/rasp30/sci2blif/documentation/blocks_latex/figures/common_drai
n_nfet.pdf>]

pdfTeX warning: pdflatex (file /home/ubuntu/rasp30/sci2blif/documentation/block
s_latex/figures/common_source.pdf): PDF inclusion: found PDF version <1.5>, but
 at most version <1.4> allowed

</home/ubuntu/rasp30/sci2blif/documentation/blocks_latex/figures/common_source.
pdf, id=203, 51.72093pt x 55.65845pt>
File: /home/ubuntu/rasp30/sci2blif/documentation/blocks_latex/figures/common_so
urce.pdf Graphic file (type pdf)

<use /home/ubuntu/rasp30/sci2blif/documentation/blocks_latex/figures/common_sou
rce.pdf>)
(/home/ubuntu/rasp30/sci2blif/documentation/blocks_latex/text/dc_in.tex
[9 </home/ubuntu/rasp30/sci2blif/documentation/blocks_latex/figures/common_sour
ce.pdf>]

pdfTeX warning: pdflatex (file /home/ubuntu/rasp30/sci2blif/documentation/block
s_latex/figures/dc_in.pdf): PDF inclusion: found PDF version <1.5>, but at most
 version <1.4> allowed

</home/ubuntu/rasp30/sci2blif/documentation/blocks_latex/figures/dc_in.pdf, id=
226, 124.63864pt x 108.95305pt>
File: /home/ubuntu/rasp30/sci2blif/documentation/blocks_latex/figures/dc_in.pdf
 Graphic file (type pdf)

<use /home/ubuntu/rasp30/sci2blif/documentation/blocks_latex/figures/dc_in.pdf>
) (/home/ubuntu/rasp30/sci2blif/documentation/blocks_latex/text/fgota.tex
[10 </home/ubuntu/rasp30/sci2blif/documentation/blocks_latex/figures/dc_in.pdf>
]

pdfTeX warning: pdflatex (file /home/ubuntu/rasp30/sci2blif/documentation/block
s_latex/figures/fgota.pdf): PDF inclusion: found PDF version <1.5>, but at most
 version <1.4> allowed

</home/ubuntu/rasp30/sci2blif/documentation/blocks_latex/figures/fgota.pdf, id=
282, 134.72734pt x 115.14719pt>
File: /home/ubuntu/rasp30/sci2blif/documentation/blocks_latex/figures/fgota.pdf
 Graphic file (type pdf)

<use /home/ubuntu/rasp30/sci2blif/documentation/blocks_latex/figures/fgota.pdf>
) (/home/ubuntu/rasp30/sci2blif/documentation/blocks_latex/text/fgswitch.tex
[11 </home/ubuntu/rasp30/sci2blif/documentation/blocks_latex/figures/fgota.pdf>
]

pdfTeX warning: pdflatex (file /home/ubuntu/rasp30/sci2blif/documentation/block
s_latex/figures/fgswitch.pdf): PDF inclusion: found PDF version <1.5>, but at m
ost version <1.4> allowed

</home/ubuntu/rasp30/sci2blif/documentation/blocks_latex/figures/fgswitch.pdf, 
id=311, 50.27934pt x 42.8809pt>
File: /home/ubuntu/rasp30/sci2blif/documentation/blocks_latex/figures/fgswitch.
pdf Graphic file (type pdf)

<use /home/ubuntu/rasp30/sci2blif/documentation/blocks_latex/figures/fgswitch.p
df>) (/home/ubuntu/rasp30/sci2blif/documentation/blocks_latex/text/gpio_in.tex
[12 </home/ubuntu/rasp30/sci2blif/documentation/blocks_latex/figures/fgswitch.p
df>]

pdfTeX warning: pdflatex (file /home/ubuntu/rasp30/sci2blif/documentation/block
s_latex/figures/gpio_in.pdf): PDF inclusion: found PDF version <1.5>, but at mo
st version <1.4> allowed

</home/ubuntu/rasp30/sci2blif/documentation/blocks_latex/figures/gpio_in.pdf, i
d=334, 131.85963pt x 126.57689pt>
File: /home/ubuntu/rasp30/sci2blif/documentation/blocks_latex/figures/gpio_in.p
df Graphic file (type pdf)

<use /home/ubuntu/rasp30/sci2blif/documentation/blocks_latex/figures/gpio_in.pd
f>) (/home/ubuntu/rasp30/sci2blif/documentation/blocks_latex/text/hhn.tex
[13 </home/ubuntu/rasp30/sci2blif/documentation/blocks_latex/figures/gpio_in.pd
f>]
Overfull \hbox (63.9283pt too wide) in paragraph at lines 9--10
[]\OT1/cmr/m/n/12 Parameter list: hhn[]fgswc[]ibias, hhn[]fgota1[]ibias, hhn[]f
gota1[]pbias, hhn[]fgota1[]nbias,
 []


Overfull \hbox (41.41629pt too wide) in paragraph at lines 9--10
\OT1/cmr/m/n/12 hhn[]fgota0[]ibias, hhn[]fgota0[]pbias, hhn[]fgota0[]nbias, hhn
[]ota0[]ibias, hhn[]ota1[]ibias,
 []



pdfTeX warning: pdflatex (file /home/ubuntu/rasp30/sci2blif/documentation/block
s_latex/figures/hhn.pdf): PDF inclusion: found PDF version <1.6>, but at most v
ersion <1.4> allowed

</home/ubuntu/rasp30/sci2blif/documentation/blocks_latex/figures/hhn.pdf, id=38
2, 713.66624pt x 508.14844pt>
File: /home/ubuntu/rasp30/sci2blif/documentation/blocks_latex/figures/hhn.pdf G
raphic file (type pdf)

<use /home/ubuntu/rasp30/sci2blif/documentation/blocks_latex/figures/hhn.pdf>)
(/home/ubuntu/rasp30/sci2blif/documentation/blocks_latex/text/lpfota.tex
[14 </home/ubuntu/rasp30/sci2blif/documentation/blocks_latex/figures/hhn.pdf>]

pdfTeX warning: pdflatex (file /home/ubuntu/rasp30/sci2blif/documentation/block
s_latex/figures/lpfota.pdf): PDF inclusion: found PDF version <1.5>, but at mos
t version <1.4> allowed

</home/ubuntu/rasp30/sci2blif/documentation/blocks_latex/figures/lpfota.pdf, id
=389, 55.91098pt x 38.42244pt>
File: /home/ubuntu/rasp30/sci2blif/documentation/blocks_latex/figures/lpfota.pd
f Graphic file (type pdf)

<use /home/ubuntu/rasp30/sci2blif/documentation/blocks_latex/figures/lpfota.pdf
>) (/home/ubuntu/rasp30/sci2blif/documentation/blocks_latex/text/meas_volt.tex
[15 </home/ubuntu/rasp30/sci2blif/documentation/blocks_latex/figures/lpfota.pdf
>]

pdfTeX warning: pdflatex (file /home/ubuntu/rasp30/sci2blif/documentation/block
s_latex/figures/meas_volt.pdf): PDF inclusion: found PDF version <1.5>, but at 
most version <1.4> allowed

</home/ubuntu/rasp30/sci2blif/documentation/blocks_latex/figures/meas_volt.pdf,
 id=412, 195.11797pt x 163.16057pt>
File: /home/ubuntu/rasp30/sci2blif/documentation/blocks_latex/figures/meas_volt
.pdf Graphic file (type pdf)

<use /home/ubuntu/rasp30/sci2blif/documentation/blocks_latex/figures/meas_volt.
pdf>) (/home/ubuntu/rasp30/sci2blif/documentation/blocks_latex/text/mite_FG.tex
[16 </home/ubuntu/rasp30/sci2blif/documentation/blocks_latex/figures/meas_volt.
pdf>]

pdfTeX warning: pdflatex (file /home/ubuntu/rasp30/sci2blif/documentation/block
s_latex/figures/mite_FG.pdf): PDF inclusion: found PDF version <1.5>, but at mo
st version <1.4> allowed

</home/ubuntu/rasp30/sci2blif/documentation/blocks_latex/figures/mite_FG.pdf, i
d=478, 60.73471pt x 43.50905pt>
File: /home/ubuntu/rasp30/sci2blif/documentation/blocks_latex/figures/mite_FG.p
df Graphic file (type pdf)

<use /home/ubuntu/rasp30/sci2blif/documentation/blocks_latex/figures/mite_FG.pd
f>) (/home/ubuntu/rasp30/sci2blif/documentation/blocks_latex/text/nfet.tex
[17 </home/ubuntu/rasp30/sci2blif/documentation/blocks_latex/figures/mite_FG.pd
f>]

pdfTeX warning: pdflatex (file /home/ubuntu/rasp30/sci2blif/documentation/block
s_latex/figures/nfet.pdf): PDF inclusion: found PDF version <1.5>, but at most 
version <1.4> allowed

</home/ubuntu/rasp30/sci2blif/documentation/blocks_latex/figures/nfet.pdf, id=5
05, 32.40526pt x 43.26373pt>
File: /home/ubuntu/rasp30/sci2blif/documentation/blocks_latex/figures/nfet.pdf 
Graphic file (type pdf)

<use /home/ubuntu/rasp30/sci2blif/documentation/blocks_latex/figures/nfet.pdf>)
(/home/ubuntu/rasp30/sci2blif/documentation/blocks_latex/text/nmirror.tex
[18 </home/ubuntu/rasp30/sci2blif/documentation/blocks_latex/figures/nfet.pdf>]


pdfTeX warning: pdflatex (file /home/ubuntu/rasp30/sci2blif/documentation/block
s_latex/figures/nmirror.pdf): PDF inclusion: found PDF version <1.5>, but at mo
st version <1.4> allowed

</home/ubuntu/rasp30/sci2blif/documentation/blocks_latex/figures/nmirror.pdf, i
d=528, 68.70096pt x 47.46132pt>
File: /home/ubuntu/rasp30/sci2blif/documentation/blocks_latex/figures/nmirror.p
df Graphic file (type pdf)

<use /home/ubuntu/rasp30/sci2blif/documentation/blocks_latex/figures/nmirror.pd
f>)
(/home/ubuntu/rasp30/sci2blif/documentation/blocks_latex/text/nmirror_w_bias.te
x [19 </home/ubuntu/rasp30/sci2blif/documentation/blocks_latex/figures/nmirror.
pdf>]

pdfTeX warning: pdflatex (file /home/ubuntu/rasp30/sci2blif/documentation/block
s_latex/figures/nmirror_w_bias.pdf): PDF inclusion: found PDF version <1.5>, bu
t at most version <1.4> allowed

</home/ubuntu/rasp30/sci2blif/documentation/blocks_latex/figures/nmirror_w_bias
.pdf, id=550, 233.38391pt x 104.12pt>
File: /home/ubuntu/rasp30/sci2blif/documentation/blocks_latex/figures/nmirror_w
_bias.pdf Graphic file (type pdf)

<use /home/ubuntu/rasp30/sci2blif/documentation/blocks_latex/figures/nmirror_w_
bias.pdf>)
(/home/ubuntu/rasp30/sci2blif/documentation/blocks_latex/text/ota.tex [20 </hom
e/ubuntu/rasp30/sci2blif/documentation/blocks_latex/figures/nmirror_w_bias.pdf>
]

pdfTeX warning: pdflatex (file /home/ubuntu/rasp30/sci2blif/documentation/block
s_latex/figures/ota.pdf): PDF inclusion: found PDF version <1.5>, but at most v
ersion <1.4> allowed

</home/ubuntu/rasp30/sci2blif/documentation/blocks_latex/figures/ota.pdf, id=59
7, 134.72734pt x 115.14719pt>
File: /home/ubuntu/rasp30/sci2blif/documentation/blocks_latex/figures/ota.pdf G
raphic file (type pdf)

<use /home/ubuntu/rasp30/sci2blif/documentation/blocks_latex/figures/ota.pdf>)
(/home/ubuntu/rasp30/sci2blif/documentation/blocks_latex/text/ota_buf.tex
[21 </home/ubuntu/rasp30/sci2blif/documentation/blocks_latex/figures/ota.pdf>]

pdfTeX warning: pdflatex (file /home/ubuntu/rasp30/sci2blif/documentation/block
s_latex/figures/ota_buf.pdf): PDF inclusion: found PDF version <1.5>, but at mo
st version <1.4> allowed

</home/ubuntu/rasp30/sci2blif/documentation/blocks_latex/figures/ota_buf.pdf, i
d=622, 55.91098pt x 38.42244pt>
File: /home/ubuntu/rasp30/sci2blif/documentation/blocks_latex/figures/ota_buf.p
df Graphic file (type pdf)

<use /home/ubuntu/rasp30/sci2blif/documentation/blocks_latex/figures/ota_buf.pd
f>) (/home/ubuntu/rasp30/sci2blif/documentation/blocks_latex/text/pfet.tex
[22 </home/ubuntu/rasp30/sci2blif/documentation/blocks_latex/figures/ota_buf.pd
f>]

pdfTeX warning: pdflatex (file /home/ubuntu/rasp30/sci2blif/documentation/block
s_latex/figures/pfet.pdf): PDF inclusion: found PDF version <1.5>, but at most 
version <1.4> allowed

</home/ubuntu/rasp30/sci2blif/documentation/blocks_latex/figures/pfet.pdf, id=6
45, 32.40526pt x 43.26373pt>
File: /home/ubuntu/rasp30/sci2blif/documentation/blocks_latex/figures/pfet.pdf 
Graphic file (type pdf)

<use /home/ubuntu/rasp30/sci2blif/documentation/blocks_latex/figures/pfet.pdf>)
(/home/ubuntu/rasp30/sci2blif/documentation/blocks_latex/text/tgate.tex
[23 </home/ubuntu/rasp30/sci2blif/documentation/blocks_latex/figures/pfet.pdf>]


pdfTeX warning: pdflatex (file /home/ubuntu/rasp30/sci2blif/documentation/block
s_latex/figures/tgate.pdf): PDF inclusion: found PDF version <1.5>, but at most
 version <1.4> allowed

</home/ubuntu/rasp30/sci2blif/documentation/blocks_latex/figures/tgate.pdf, id=
668, 54.51909pt x 25.64873pt>
File: /home/ubuntu/rasp30/sci2blif/documentation/blocks_latex/figures/tgate.pdf
 Graphic file (type pdf)

<use /home/ubuntu/rasp30/sci2blif/documentation/blocks_latex/figures/tgate.pdf>
)
(/home/ubuntu/rasp30/sci2blif/documentation/blocks_latex/text/vmm12x1_wowta.tex
[24 </home/ubuntu/rasp30/sci2blif/documentation/blocks_latex/figures/tgate.pdf>
]

pdfTeX warning: pdflatex (file /home/ubuntu/rasp30/sci2blif/documentation/block
s_latex/figures/vmm12x1_wowta.pdf): PDF inclusion: found PDF version <1.5>, but
 at most version <1.4> allowed

</home/ubuntu/rasp30/sci2blif/documentation/blocks_latex/figures/vmm12x1_wowta.
pdf, id=691, 415.6051pt x 244.08112pt>
File: /home/ubuntu/rasp30/sci2blif/documentation/blocks_latex/figures/vmm12x1_w
owta.pdf Graphic file (type pdf)

<use /home/ubuntu/rasp30/sci2blif/documentation/blocks_latex/figures/vmm12x1_wo
wta.pdf>)
(/home/ubuntu/rasp30/sci2blif/documentation/blocks_latex/text/wta_new.tex
[25 </home/ubuntu/rasp30/sci2blif/documentation/blocks_latex/figures/vmm12x1_wo
wta.pdf>]

pdfTeX warning: pdflatex (file /home/ubuntu/rasp30/sci2blif/documentation/block
s_latex/figures/wta_new.pdf): PDF inclusion: found PDF version <1.5>, but at mo
st version <1.4> allowed

</home/ubuntu/rasp30/sci2blif/documentation/blocks_latex/figures/wta_new.pdf, i
d=718, 590.94875pt x 368.14783pt>
File: /home/ubuntu/rasp30/sci2blif/documentation/blocks_latex/figures/wta_new.p
df Graphic file (type pdf)

<use /home/ubuntu/rasp30/sci2blif/documentation/blocks_latex/figures/wta_new.pd
f>)) [26 </home/ubuntu/rasp30/sci2blif/documentation/blocks_latex/figures/wta_n
ew.pdf>] (./block_doc.aux) ) 
Here is how much of TeX's memory you used:
 1150 strings out of 495061
 24942 string characters out of 1182622
 61752 words of memory out of 3000000
 4288 multiletter control sequences out of 15000+50000
 6376 words of font info for 23 fonts, out of 3000000 for 9000
 28 hyphenation exceptions out of 8191
 25i,5n,19p,681b,199s stack positions out of 5000i,500n,10000p,200000b,50000s
</usr/share/texmf-texlive/fonts/type1/public/amsfon
ts/cm/cmmi12.pfb></usr/share/texmf-texlive/fonts/type1/public/amsfonts/cm/cmr12
.pfb></usr/share/texmf-texlive/fonts/type1/public/amsfonts/cm/cmsy10.pfb>
Output written on block_doc.pdf (26 pages, 1552336 bytes).
PDF statistics:
 748 PDF objects out of 1000 (max. 8388607)
 0 named destinations out of 1000 (max. 500000)
 131 words of extra memory for PDF output out of 10000 (max. 10000000)

